<?xml version="1.0" encoding="UTF-8"?>
<!-- Generated by org.testng.reporters.JUnitReportReporter -->
<testsuite hostname="Jahid" failures="0" tests="1" name="home.GetMenusTest" time="37.461" errors="0" timestamp="31 Dec 2017 16:04:56 GMT" skipped="0">
  <testcase classname="home.GetMenusTest" name="getDropDownTest" time="37.461"/>
</testsuite> <!-- home.GetMenusTest -->
